<testsuites id="" name="" tests="1" failures="1" skipped="0" errors="0" time="27.423037000000004">
<testsuite name="RetryTest.spec.js" timestamp="2026-07-04T11:13:23.772Z" hostname="chromium" tests="1" failures="1" skipped="0" time="8.08" errors="0">
<testcase name="test" classname="RetryTest.spec.js" time="8.08">
<failure message="RetryTest.spec.js:7:5 test" type="FAILURE">
<![CDATA[  [chromium] › RetryTest.spec.js:7:5 › test ────────────────────────────────────────────────────────

    TypeError: Cannot read properties of undefined (reading 'goto')

       at pages\LoginPage.js:13

      11 |
      12 |     async gotoLoginPage() {
    > 13 |         await this.page.goto('https://www.demoblaze.com/index.html');
         |                         ^
      14 |     }
      15 |
      16 |     async login(username, password){
        at LoginPage.gotoLoginPage (D:\2026 - Study\Playwright\Playwright-E2E\tests\pages\LoginPage.js:13:25)
        at D:\2026 - Study\Playwright\Playwright-E2E\tests\RetryTest.spec.js:11:17

    attachment #1: screenshot (image/png) ──────────────────────────────────────────────────────────
    ..\test-results\RetryTest-test-chromium\test-failed-1.png
    ────────────────────────────────────────────────────────────────────────────────────────────────

    attachment #2: video (video/webm) ──────────────────────────────────────────────────────────────
    ..\test-results\RetryTest-test-chromium\video.webm
    ────────────────────────────────────────────────────────────────────────────────────────────────

    attachment #3: trace (application/zip) ─────────────────────────────────────────────────────────
    ..\test-results\RetryTest-test-chromium\trace.zip
    Usage:

        npx playwright show-trace ..\test-results\RetryTest-test-chromium\trace.zip

    ────────────────────────────────────────────────────────────────────────────────────────────────

    Retry #1 ───────────────────────────────────────────────────────────────────────────────────────

    TypeError: Cannot read properties of undefined (reading 'goto')

       at pages\LoginPage.js:13

      11 |
      12 |     async gotoLoginPage() {
    > 13 |         await this.page.goto('https://www.demoblaze.com/index.html');
         |                         ^
      14 |     }
      15 |
      16 |     async login(username, password){
        at LoginPage.gotoLoginPage (D:\2026 - Study\Playwright\Playwright-E2E\tests\pages\LoginPage.js:13:25)
        at D:\2026 - Study\Playwright\Playwright-E2E\tests\RetryTest.spec.js:11:17

    attachment #1: screenshot (image/png) ──────────────────────────────────────────────────────────
    ..\test-results\RetryTest-test-chromium-retry1\test-failed-1.png
    ────────────────────────────────────────────────────────────────────────────────────────────────

    attachment #2: video (video/webm) ──────────────────────────────────────────────────────────────
    ..\test-results\RetryTest-test-chromium-retry1\video.webm
    ────────────────────────────────────────────────────────────────────────────────────────────────

    attachment #3: trace (application/zip) ─────────────────────────────────────────────────────────
    ..\test-results\RetryTest-test-chromium-retry1\trace.zip
    Usage:

        npx playwright show-trace ..\test-results\RetryTest-test-chromium-retry1\trace.zip

    ────────────────────────────────────────────────────────────────────────────────────────────────

    Retry #2 ───────────────────────────────────────────────────────────────────────────────────────

    TypeError: Cannot read properties of undefined (reading 'goto')

       at pages\LoginPage.js:13

      11 |
      12 |     async gotoLoginPage() {
    > 13 |         await this.page.goto('https://www.demoblaze.com/index.html');
         |                         ^
      14 |     }
      15 |
      16 |     async login(username, password){
        at LoginPage.gotoLoginPage (D:\2026 - Study\Playwright\Playwright-E2E\tests\pages\LoginPage.js:13:25)
        at D:\2026 - Study\Playwright\Playwright-E2E\tests\RetryTest.spec.js:11:17

    attachment #1: screenshot (image/png) ──────────────────────────────────────────────────────────
    ..\test-results\RetryTest-test-chromium-retry2\test-failed-1.png
    ────────────────────────────────────────────────────────────────────────────────────────────────

    attachment #2: video (video/webm) ──────────────────────────────────────────────────────────────
    ..\test-results\RetryTest-test-chromium-retry2\video.webm
    ────────────────────────────────────────────────────────────────────────────────────────────────

    attachment #3: trace (application/zip) ─────────────────────────────────────────────────────────
    ..\test-results\RetryTest-test-chromium-retry2\trace.zip
    Usage:

        npx playwright show-trace ..\test-results\RetryTest-test-chromium-retry2\trace.zip

    ────────────────────────────────────────────────────────────────────────────────────────────────

    Retry #3 ───────────────────────────────────────────────────────────────────────────────────────

    TypeError: Cannot read properties of undefined (reading 'goto')

       at pages\LoginPage.js:13

      11 |
      12 |     async gotoLoginPage() {
    > 13 |         await this.page.goto('https://www.demoblaze.com/index.html');
         |                         ^
      14 |     }
      15 |
      16 |     async login(username, password){
        at LoginPage.gotoLoginPage (D:\2026 - Study\Playwright\Playwright-E2E\tests\pages\LoginPage.js:13:25)
        at D:\2026 - Study\Playwright\Playwright-E2E\tests\RetryTest.spec.js:11:17

    attachment #1: screenshot (image/png) ──────────────────────────────────────────────────────────
    ..\test-results\RetryTest-test-chromium-retry3\test-failed-1.png
    ────────────────────────────────────────────────────────────────────────────────────────────────

    attachment #2: video (video/webm) ──────────────────────────────────────────────────────────────
    ..\test-results\RetryTest-test-chromium-retry3\video.webm
    ────────────────────────────────────────────────────────────────────────────────────────────────

    attachment #3: trace (application/zip) ─────────────────────────────────────────────────────────
    ..\test-results\RetryTest-test-chromium-retry3\trace.zip
    Usage:

        npx playwright show-trace ..\test-results\RetryTest-test-chromium-retry3\trace.zip

    ────────────────────────────────────────────────────────────────────────────────────────────────
]]>
</failure>
<system-out>
<![CDATA[
[[ATTACHMENT|test-results\RetryTest-test-chromium\test-failed-1.png]]

[[ATTACHMENT|test-results\RetryTest-test-chromium\video.webm]]

[[ATTACHMENT|test-results\RetryTest-test-chromium\trace.zip]]

[[ATTACHMENT|test-results\RetryTest-test-chromium-retry1\test-failed-1.png]]

[[ATTACHMENT|test-results\RetryTest-test-chromium-retry1\video.webm]]

[[ATTACHMENT|test-results\RetryTest-test-chromium-retry1\trace.zip]]

[[ATTACHMENT|test-results\RetryTest-test-chromium-retry2\test-failed-1.png]]

[[ATTACHMENT|test-results\RetryTest-test-chromium-retry2\video.webm]]

[[ATTACHMENT|test-results\RetryTest-test-chromium-retry2\trace.zip]]

[[ATTACHMENT|test-results\RetryTest-test-chromium-retry3\test-failed-1.png]]

[[ATTACHMENT|test-results\RetryTest-test-chromium-retry3\video.webm]]

[[ATTACHMENT|test-results\RetryTest-test-chromium-retry3\trace.zip]]
]]>
</system-out>
</testcase>
</testsuite>
</testsuites>