<testsuites id="" name="" tests="3" failures="2" skipped="0" errors="0" time="64.278705">
<testsuite name="Reporters.spec.js" timestamp="2026-07-03T08:59:36.061Z" hostname="chromium" tests="3" failures="2" skipped="0" time="55.587" errors="0">
<testcase name="Test1" classname="Reporters.spec.js" time="40.847">
<failure message="Reporters.spec.js:3:1 Test1" type="FAILURE">
<![CDATA[  [chromium] › Reporters.spec.js:3:1 › Test1 ───────────────────────────────────────────────────────

    Test timeout of 30000ms exceeded.

    Error: page.goto: Test timeout of 30000ms exceeded.
    Call log:
      - navigating to "https://opensource-demo.orangehrmlive.com/web/index.php/auth/login", waiting until "load"


      2 |
      3 | test('Test1', async ({page}) => {
    > 4 |     await page.goto('https://opensource-demo.orangehrmlive.com/web/index.php/auth/login');
        |                ^
      5 |     await expect(page).toHaveTitle('OrangeHRM');
      6 | })
      7 | test('Test2', async ({page}) => {
        at D:\2026 - Study\Playwright\Playwright-E2E\tests\Reporters.spec.js:4:16

    attachment #1: video (video/webm) ──────────────────────────────────────────────────────────────
    ..\test-results\Reporters-Test1-chromium\video.webm
    ────────────────────────────────────────────────────────────────────────────────────────────────

    attachment #2: trace (application/zip) ─────────────────────────────────────────────────────────
    ..\test-results\Reporters-Test1-chromium\trace.zip
    Usage:

        npx playwright show-trace ..\test-results\Reporters-Test1-chromium\trace.zip

    ────────────────────────────────────────────────────────────────────────────────────────────────
]]>
</failure>
<system-out>
<![CDATA[
[[ATTACHMENT|test-results\Reporters-Test1-chromium\video.webm]]

[[ATTACHMENT|test-results\Reporters-Test1-chromium\trace.zip]]
]]>
</system-out>
</testcase>
<testcase name="Test2" classname="Reporters.spec.js" time="6.283">
<system-out>
<![CDATA[
[[ATTACHMENT|test-results\Reporters-Test2-chromium\test-finished-1.png]]

[[ATTACHMENT|test-results\Reporters-Test2-chromium\video.webm]]
]]>
</system-out>
</testcase>
<testcase name="Test3" classname="Reporters.spec.js" time="8.457">
<failure message="Reporters.spec.js:11:1 Test3" type="FAILURE">
<![CDATA[  [chromium] › Reporters.spec.js:11:1 › Test3 ──────────────────────────────────────────────────────

    Error: expect(page).toHaveTitle(expected) failed

    Expected: "Free and open-source eCommerce platform. ASP.NET Core based shopping cart. - nopCommerce"
    Received: "Just a moment..."
    Timeout:  5000ms

    Call log:
      - Expect "toHaveTitle" with timeout 5000ms
        9 × unexpected value "Just a moment..."


      11 | test('Test3', async ({page}) => {
      12 |     await page.goto('https://www.nopcommerce.com/en');
    > 13 |     await expect(page).toHaveTitle('Free and open-source eCommerce platform. ASP.NET Core based shopping cart. - nopCommerce');
         |                        ^
      14 | })
        at D:\2026 - Study\Playwright\Playwright-E2E\tests\Reporters.spec.js:13:24

    attachment #1: screenshot (image/png) ──────────────────────────────────────────────────────────
    ..\test-results\Reporters-Test3-chromium\test-failed-1.png
    ────────────────────────────────────────────────────────────────────────────────────────────────

    attachment #2: video (video/webm) ──────────────────────────────────────────────────────────────
    ..\test-results\Reporters-Test3-chromium\video.webm
    ────────────────────────────────────────────────────────────────────────────────────────────────

    Error Context: ..\test-results\Reporters-Test3-chromium\error-context.md

    attachment #4: trace (application/zip) ─────────────────────────────────────────────────────────
    ..\test-results\Reporters-Test3-chromium\trace.zip
    Usage:

        npx playwright show-trace ..\test-results\Reporters-Test3-chromium\trace.zip

    ────────────────────────────────────────────────────────────────────────────────────────────────
]]>
</failure>
<system-out>
<![CDATA[
[[ATTACHMENT|test-results\Reporters-Test3-chromium\test-failed-1.png]]

[[ATTACHMENT|test-results\Reporters-Test3-chromium\video.webm]]

[[ATTACHMENT|test-results\Reporters-Test3-chromium\error-context.md]]

[[ATTACHMENT|test-results\Reporters-Test3-chromium\trace.zip]]
]]>
</system-out>
</testcase>
</testsuite>
</testsuites>